I, [2016-11-09T12:42:35.492478 #772]  INFO -- default-centos-72: -----> Converging <default-centos-72>...
I, [2016-11-09T12:42:35.497478 #772]  INFO -- default-centos-72: Preparing files for transfer
I, [2016-11-09T12:42:35.497978 #772]  INFO -- default-centos-72: Preparing dna.json
I, [2016-11-09T12:42:35.500978 #772]  INFO -- default-centos-72: Preparing current project directory as a cookbook
I, [2016-11-09T12:42:35.559478 #772]  INFO -- default-centos-72: Removing non-cookbook files before transfer
I, [2016-11-09T12:42:35.616978 #772]  INFO -- default-centos-72: Preparing solo.rb
I, [2016-11-09T12:42:37.490478 #772]  INFO -- default-centos-72: -----> Chef Omnibus installation detected (install only if missing)
I, [2016-11-09T12:42:37.535978 #772]  INFO -- default-centos-72: Transferring files to <default-centos-72>
I, [2016-11-09T12:42:39.501478 #772]  INFO -- default-centos-72: Starting Chef Client, version 12.15.19
I, [2016-11-09T12:42:41.062478 #772]  INFO -- default-centos-72: resolving cookbooks for run list: ["root_profile::default"]
I, [2016-11-09T12:42:41.094978 #772]  INFO -- default-centos-72: Synchronizing Cookbooks:
I, [2016-11-09T12:42:41.105478 #772]  INFO -- default-centos-72:   - root_profile (0.1.0)
I, [2016-11-09T12:42:41.115978 #772]  INFO -- default-centos-72: Installing Cookbook Gems:
I, [2016-11-09T12:42:41.115978 #772]  INFO -- default-centos-72: Compiling Cookbooks...
I, [2016-11-09T12:42:41.116478 #772]  INFO -- default-centos-72: Converging 6 resources
I, [2016-11-09T12:42:41.116478 #772]  INFO -- default-centos-72: Recipe: root_profile::default
I, [2016-11-09T12:42:41.116978 #772]  INFO -- default-centos-72:   * directory[/root] action create (up to date)
I, [2016-11-09T12:42:41.116978 #772]  INFO -- default-centos-72:   * file[/root/.histdir] action create
I, [2016-11-09T12:42:41.116978 #772]  INFO -- default-centos-72:     - create new file /root/.histdir
I, [2016-11-09T12:42:41.116978 #772]  INFO -- default-centos-72:     - change mode from '' to '0755'
I, [2016-11-09T12:42:41.116978 #772]  INFO -- default-centos-72:     - change owner from '' to 'root'
I, [2016-11-09T12:42:41.289978 #772]  INFO -- default-centos-72:     - change group from '' to 'root'
I, [2016-11-09T12:42:41.290478 #772]  INFO -- default-centos-72:     - restore selinux security context
I, [2016-11-09T12:42:41.301478 #772]  INFO -- default-centos-72:   * template[/root/.bashrc] action create
I, [2016-11-09T12:42:41.301978 #772]  INFO -- default-centos-72:     - update content in file /root/.bashrc from 413f2d to 4a3451
I, [2016-11-09T12:42:41.301978 #772]  INFO -- default-centos-72:     --- /root/.bashrc	2013-12-29 02:26:31.000000000 +0000
I, [2016-11-09T12:42:41.301978 #772]  INFO -- default-centos-72:     +++ /root/.chef-.bashrc20161109-12399-1y2ugty.bashrc	2016-11-09 07:12:40.985577000 +0000
I, [2016-11-09T12:42:41.302478 #772]  INFO -- default-centos-72:     @@ -1,5 +1,8 @@
I, [2016-11-09T12:42:41.302478 #772]  INFO -- default-centos-72:      # .bashrc
I, [2016-11-09T12:42:41.302478 #772]  INFO -- default-centos-72:      
I, [2016-11-09T12:42:41.302978 #772]  INFO -- default-centos-72:     +## DO NOT EDIT THIS FILE. PUPPET MANAGES THIS FILE SO ANY MODIFICATIONS
I, [2016-11-09T12:42:41.302978 #772]  INFO -- default-centos-72:     +## OUTSIDE OF PUPPET WILL BE OVERWRITTEN.
I, [2016-11-09T12:42:41.302978 #772]  INFO -- default-centos-72:     +
I, [2016-11-09T12:42:41.303478 #772]  INFO -- default-centos-72:      # User specific aliases and functions
I, [2016-11-09T12:42:41.303478 #772]  INFO -- default-centos-72:      
I, [2016-11-09T12:42:41.303478 #772]  INFO -- default-centos-72:      alias rm='rm -i'
I, [2016-11-09T12:42:41.303978 #772]  INFO -- default-centos-72:     @@ -8,6 +11,21 @@
I, [2016-11-09T12:42:41.303978 #772]  INFO -- default-centos-72:      
I, [2016-11-09T12:42:41.303978 #772]  INFO -- default-centos-72:      # Source global definitions
I, [2016-11-09T12:42:41.304478 #772]  INFO -- default-centos-72:      if [ -f /etc/bashrc ]; then
I, [2016-11-09T12:42:41.304478 #772]  INFO -- default-centos-72:     -	. /etc/bashrc
I, [2016-11-09T12:42:41.304478 #772]  INFO -- default-centos-72:     +    . /etc/bashrc
I, [2016-11-09T12:42:41.304978 #772]  INFO -- default-centos-72:      fi
I, [2016-11-09T12:42:41.304978 #772]  INFO -- default-centos-72:     +# Create separate history file for sudo users
I, [2016-11-09T12:42:41.304978 #772]  INFO -- default-centos-72:     +USER=$(whoami)  # probably unneeded, USER is set in /etc/profile
I, [2016-11-09T12:42:41.305478 #772]  INFO -- default-centos-72:     +if [ "$RUSER" = "" ]; then
I, [2016-11-09T12:42:41.305478 #772]  INFO -- default-centos-72:     +  PARID=$(</proc/$$/loginuid)
I, [2016-11-09T12:42:41.305478 #772]  INFO -- default-centos-72:     +  RUSER=$(getent passwd $PARID | awk -F: '{print $1}')
I, [2016-11-09T12:42:41.305978 #772]  INFO -- default-centos-72:     +else
I, [2016-11-09T12:42:41.305978 #772]  INFO -- default-centos-72:     +  HISTSIZE=1000
I, [2016-11-09T12:42:41.305978 #772]  INFO -- default-centos-72:     +  HISTFILE=$HOME/.histdir/$USER.$RUSER.$(date +%Y%m%d-%H%M%S)
I, [2016-11-09T12:42:41.306478 #772]  INFO -- default-centos-72:     +  HOST=$(uname -n); HOST=${HOST%%.*}
I, [2016-11-09T12:42:41.306478 #772]  INFO -- default-centos-72:     +  PS1='[$USER@$HOST:$PWD]#\n#-> '
I, [2016-11-09T12:42:41.306478 #772]  INFO -- default-centos-72:     +
I, [2016-11-09T12:42:41.306478 #772]  INFO -- default-centos-72:     +  export USER HISTSIZE HISTFILE RUSER HOST PS1
I, [2016-11-09T12:42:41.306978 #772]  INFO -- default-centos-72:     +fi
I, [2016-11-09T12:42:41.306978 #772]  INFO -- default-centos-72:     +#Correct broken command line editing
I, [2016-11-09T12:42:41.351478 #772]  INFO -- default-centos-72:     +shopt -s checkwinsize
I, [2016-11-09T12:42:41.351478 #772]  INFO -- default-centos-72:     - restore selinux security context
I, [2016-11-09T12:42:41.351478 #772]  INFO -- default-centos-72:   * template[/root/.bash_profile] action create
I, [2016-11-09T12:42:41.351978 #772]  INFO -- default-centos-72:     - update content in file /root/.bash_profile from 173704 to 7f231b
I, [2016-11-09T12:42:41.351978 #772]  INFO -- default-centos-72:     --- /root/.bash_profile	2013-12-29 02:26:31.000000000 +0000
I, [2016-11-09T12:42:41.351978 #772]  INFO -- default-centos-72:     +++ /root/.chef-.bash_profile20161109-12399-1usq30p.bash_profile	2016-11-09 07:12:41.037602999 +0000
I, [2016-11-09T12:42:41.352478 #772]  INFO -- default-centos-72:     @@ -1,5 +1,8 @@
I, [2016-11-09T12:42:41.352478 #772]  INFO -- default-centos-72:      # .bash_profile
I, [2016-11-09T12:42:41.352478 #772]  INFO -- default-centos-72:      
I, [2016-11-09T12:42:41.352478 #772]  INFO -- default-centos-72:     +## DO NOT EDIT THIS FILE. PUPPET MANAGES THIS FILE SO ANY MODIFICATIONS
I, [2016-11-09T12:42:41.352478 #772]  INFO -- default-centos-72:     +## OUTSIDE OF PUPPET WILL BE OVERWRITTEN.
I, [2016-11-09T12:42:41.352478 #772]  INFO -- default-centos-72:     +
I, [2016-11-09T12:42:41.352978 #772]  INFO -- default-centos-72:      # Get the aliases and functions
I, [2016-11-09T12:42:41.352978 #772]  INFO -- default-centos-72:      if [ -f ~/.bashrc ]; then
I, [2016-11-09T12:42:41.352978 #772]  INFO -- default-centos-72:      	. ~/.bashrc
I, [2016-11-09T12:42:41.352978 #772]  INFO -- default-centos-72:     @@ -10,4 +13,21 @@
I, [2016-11-09T12:42:41.352978 #772]  INFO -- default-centos-72:      PATH=$PATH:$HOME/bin
I, [2016-11-09T12:42:41.352978 #772]  INFO -- default-centos-72:      
I, [2016-11-09T12:42:41.353478 #772]  INFO -- default-centos-72:      export PATH
I, [2016-11-09T12:42:41.353478 #772]  INFO -- default-centos-72:     +
I, [2016-11-09T12:42:41.353478 #772]  INFO -- default-centos-72:     +# Create separate history file for sudo users
I, [2016-11-09T12:42:41.353478 #772]  INFO -- default-centos-72:     +USER=$(whoami)  # probably unneeded, USER is set in /etc/profile
I, [2016-11-09T12:42:41.353478 #772]  INFO -- default-centos-72:     +if [ "$RUSER" = "" ]; then
I, [2016-11-09T12:42:41.353478 #772]  INFO -- default-centos-72:     +  PARID=$(</proc/$$/loginuid)
I, [2016-11-09T12:42:41.354478 #772]  INFO -- default-centos-72:     +  RUSER=$(getent passwd $PARID | awk -F: '{print $1}')
I, [2016-11-09T12:42:41.354978 #772]  INFO -- default-centos-72:     +else
I, [2016-11-09T12:42:41.354978 #772]  INFO -- default-centos-72:     +  HISTSIZE=1000
I, [2016-11-09T12:42:41.354978 #772]  INFO -- default-centos-72:     +  HISTFILE=$HOME/.histdir/$USER.$RUSER.$(date +%Y%m%d-%H%M%S)
I, [2016-11-09T12:42:41.354978 #772]  INFO -- default-centos-72:     +  HOST=$(uname -n); HOST=${HOST%%.*}
I, [2016-11-09T12:42:41.354978 #772]  INFO -- default-centos-72:     +  PS1='[$USER@$HOST:$PWD]#\n#-> '
I, [2016-11-09T12:42:41.355478 #772]  INFO -- default-centos-72:     +
I, [2016-11-09T12:42:41.355478 #772]  INFO -- default-centos-72:     +  export USER HISTSIZE HISTFILE RUSER HOST PS1
I, [2016-11-09T12:42:41.355478 #772]  INFO -- default-centos-72:     +fi
I, [2016-11-09T12:42:41.355478 #772]  INFO -- default-centos-72:     +
I, [2016-11-09T12:42:41.355478 #772]  INFO -- default-centos-72:     +#Correct broken command line editing
I, [2016-11-09T12:42:41.388478 #772]  INFO -- default-centos-72:     +shopt -s checkwinsize
I, [2016-11-09T12:42:41.388478 #772]  INFO -- default-centos-72:     - restore selinux security context
I, [2016-11-09T12:42:41.388978 #772]  INFO -- default-centos-72:   * template[/root/.profile] action create
I, [2016-11-09T12:42:41.388978 #772]  INFO -- default-centos-72:     - create new file /root/.profile
I, [2016-11-09T12:42:41.388978 #772]  INFO -- default-centos-72:     - update content in file /root/.profile from none to 6237e7
I, [2016-11-09T12:42:41.388978 #772]  INFO -- default-centos-72:     --- /root/.profile	2016-11-09 07:12:41.075621999 +0000
I, [2016-11-09T12:42:41.388978 #772]  INFO -- default-centos-72:     +++ /root/.chef-.profile20161109-12399-l6tabf.profile	2016-11-09 07:12:41.073621000 +0000
I, [2016-11-09T12:42:41.389478 #772]  INFO -- default-centos-72:     @@ -1 +1,22 @@
I, [2016-11-09T12:42:41.389478 #772]  INFO -- default-centos-72:     +# .profile
I, [2016-11-09T12:42:41.389478 #772]  INFO -- default-centos-72:     +
I, [2016-11-09T12:42:41.389478 #772]  INFO -- default-centos-72:     +## DO NOT EDIT THIS FILE. PUPPET MANAGES THIS FILE SO ANY MODIFICATIONS
I, [2016-11-09T12:42:41.389478 #772]  INFO -- default-centos-72:     +## OUTSIDE OF PUPPET WILL BE OVERWRITTEN.
I, [2016-11-09T12:42:41.389478 #772]  INFO -- default-centos-72:     +
I, [2016-11-09T12:42:41.389978 #772]  INFO -- default-centos-72:     +# Create separate history file for sudo users
I, [2016-11-09T12:42:41.389978 #772]  INFO -- default-centos-72:     +USER=$(whoami)  # probably unneeded, USER is set in /etc/profile
I, [2016-11-09T12:42:41.389978 #772]  INFO -- default-centos-72:     +if [ "$RUSER" = "" ]; then
I, [2016-11-09T12:42:41.389978 #772]  INFO -- default-centos-72:     +  PARID=$(</proc/$$/loginuid)
I, [2016-11-09T12:42:41.389978 #772]  INFO -- default-centos-72:     +  RUSER=$(getent passwd $PARID | awk -F: '{print $1}')
I, [2016-11-09T12:42:41.389978 #772]  INFO -- default-centos-72:     +else
I, [2016-11-09T12:42:41.390478 #772]  INFO -- default-centos-72:     +  HISTSIZE=1000
I, [2016-11-09T12:42:41.390478 #772]  INFO -- default-centos-72:     +  HISTFILE=$HOME/.histdir/$USER.$RUSER.$(date +%Y%m%d-%H%M%S)
I, [2016-11-09T12:42:41.390478 #772]  INFO -- default-centos-72:     +  HOST=$(uname -n); HOST=${HOST%%.*}
I, [2016-11-09T12:42:41.390478 #772]  INFO -- default-centos-72:     +  PS1='[$USER@$HOST:$PWD]#\n#-> '
I, [2016-11-09T12:42:41.391478 #772]  INFO -- default-centos-72:     +
I, [2016-11-09T12:42:41.391978 #772]  INFO -- default-centos-72:     +  export USER HISTSIZE HISTFILE RUSER HOST PS1
I, [2016-11-09T12:42:41.391978 #772]  INFO -- default-centos-72:     +fi
I, [2016-11-09T12:42:41.391978 #772]  INFO -- default-centos-72:     +
I, [2016-11-09T12:42:41.391978 #772]  INFO -- default-centos-72:     +#Correct broken command line editing
I, [2016-11-09T12:42:41.391978 #772]  INFO -- default-centos-72:     +shopt -s checkwinsize
I, [2016-11-09T12:42:41.392478 #772]  INFO -- default-centos-72:     - change mode from '' to '0644'
I, [2016-11-09T12:42:41.392478 #772]  INFO -- default-centos-72:     - change owner from '' to 'root'
I, [2016-11-09T12:42:41.423978 #772]  INFO -- default-centos-72:     - change group from '' to 'root'
I, [2016-11-09T12:42:41.424478 #772]  INFO -- default-centos-72:     - restore selinux security context
I, [2016-11-09T12:42:41.424478 #772]  INFO -- default-centos-72:   * template[/etc/cron.d/histdir_cleanup] action create
I, [2016-11-09T12:42:41.424478 #772]  INFO -- default-centos-72:     - create new file /etc/cron.d/histdir_cleanup
I, [2016-11-09T12:42:41.424478 #772]  INFO -- default-centos-72:     - update content in file /etc/cron.d/histdir_cleanup from none to 97e463
I, [2016-11-09T12:42:41.424978 #772]  INFO -- default-centos-72:     --- /etc/cron.d/histdir_cleanup	2016-11-09 07:12:41.110639500 +0000
I, [2016-11-09T12:42:41.424978 #772]  INFO -- default-centos-72:     +++ /etc/cron.d/.chef-histdir_cleanup20161109-12399-wxmo8m	2016-11-09 07:12:41.110639500 +0000
I, [2016-11-09T12:42:41.424978 #772]  INFO -- default-centos-72:     @@ -1 +1,4 @@
I, [2016-11-09T12:42:41.424978 #772]  INFO -- default-centos-72:     +# cleanup of old files in /root/.histdir
I, [2016-11-09T12:42:41.425478 #772]  INFO -- default-centos-72:     +
I, [2016-11-09T12:42:41.425478 #772]  INFO -- default-centos-72:     +0 8 * * * root cd $HOME/.histdir && find . -type f -mtime +90 -print -exec rm {} \; >> /var/log/histdir.log 2>&1
I, [2016-11-09T12:42:41.425478 #772]  INFO -- default-centos-72:     - change mode from '' to '0644'
I, [2016-11-09T12:42:41.425478 #772]  INFO -- default-centos-72:     - change owner from '' to 'root'
I, [2016-11-09T12:42:41.456978 #772]  INFO -- default-centos-72:     - change group from '' to 'root'
I, [2016-11-09T12:42:41.456978 #772]  INFO -- default-centos-72:     - restore selinux security context
I, [2016-11-09T12:42:41.537478 #772]  INFO -- default-centos-72: 
I, [2016-11-09T12:42:41.537978 #772]  INFO -- default-centos-72: Running handlers:
I, [2016-11-09T12:42:41.537978 #772]  INFO -- default-centos-72: Running handlers complete
I, [2016-11-09T12:42:41.537978 #772]  INFO -- default-centos-72: Chef Client finished, 5/6 resources updated in 02 seconds
I, [2016-11-09T12:42:41.634978 #772]  INFO -- default-centos-72: Finished converging <default-centos-72> (0m6.14s).
