I, [2016-11-09T15:28:39.927198 #3596]  INFO -- default-centos-72: -----> Creating <default-centos-72>...
I, [2016-11-09T15:28:42.195652 #3596]  INFO -- default-centos-72: Bringing machine 'default' up with 'virtualbox' provider...
I, [2016-11-09T15:28:42.369686 #3596]  INFO -- default-centos-72: ==> default: Importing base box 'bento/centos-7.2'...
I, [2016-11-09T15:28:56.280968 #3596]  INFO -- default-centos-72: [KProgress: 20%[KProgress: 50%[KProgress: 90%[K==> default: Matching MAC address for NAT networking...
I, [2016-11-09T15:28:56.471506 #3596]  INFO -- default-centos-72: ==> default: Checking if box 'bento/centos-7.2' is up to date...
I, [2016-11-09T15:28:59.199052 #3596]  INFO -- default-centos-72: ==> default: Setting the name of the VM: kitchen-reboot-default-centos-72_default_1478685539149_70023
I, [2016-11-09T15:29:00.656343 #3596]  INFO -- default-centos-72: ==> default: Fixed port collision for 22 => 2222. Now on port 2200.
I, [2016-11-09T15:29:00.713855 #3596]  INFO -- default-centos-72: ==> default: Clearing any previously set network interfaces...
I, [2016-11-09T15:29:00.936399 #3596]  INFO -- default-centos-72: ==> default: Preparing network interfaces based on configuration...
I, [2016-11-09T15:29:00.936399 #3596]  INFO -- default-centos-72:     default: Adapter 1: nat
I, [2016-11-09T15:29:00.936399 #3596]  INFO -- default-centos-72:     default: Adapter 2: hostonly
I, [2016-11-09T15:29:01.047421 #3596]  INFO -- default-centos-72: ==> default: Forwarding ports...
I, [2016-11-09T15:29:01.107433 #3596]  INFO -- default-centos-72:     default: 22 (guest) => 2200 (host) (adapter 1)
I, [2016-11-09T15:29:01.478007 #3596]  INFO -- default-centos-72: ==> default: Booting VM...
I, [2016-11-09T15:29:04.442100 #3596]  INFO -- default-centos-72: ==> default: Waiting for machine to boot. This may take a few minutes...
I, [2016-11-09T15:29:04.807673 #3596]  INFO -- default-centos-72:     default: SSH address: 127.0.0.1:2200
I, [2016-11-09T15:29:04.807673 #3596]  INFO -- default-centos-72:     default: SSH username: vagrant
I, [2016-11-09T15:29:04.807673 #3596]  INFO -- default-centos-72:     default: SSH auth method: private key
I, [2016-11-09T15:29:26.217954 #3596]  INFO -- default-centos-72:     default: Warning: Remote connection disconnect. Retrying...
I, [2016-11-09T15:29:36.307972 #3596]  INFO -- default-centos-72:     default: Warning: Remote connection disconnect. Retrying...
I, [2016-11-09T15:29:46.401490 #3596]  INFO -- default-centos-72:     default: Warning: Remote connection disconnect. Retrying...
I, [2016-11-09T15:30:08.743458 #3596]  INFO -- default-centos-72:     default: 
I, [2016-11-09T15:30:08.743458 #3596]  INFO -- default-centos-72:     default: Vagrant insecure key detected. Vagrant will automatically replace
I, [2016-11-09T15:30:08.743458 #3596]  INFO -- default-centos-72:     default: this with a newly generated keypair for better security.
I, [2016-11-09T15:30:11.631535 #3596]  INFO -- default-centos-72:     default: 
I, [2016-11-09T15:30:11.631535 #3596]  INFO -- default-centos-72:     default: Inserting generated public key within guest...
I, [2016-11-09T15:30:12.113632 #3596]  INFO -- default-centos-72:     default: Removing insecure key from the guest if it's present...
I, [2016-11-09T15:30:12.593728 #3596]  INFO -- default-centos-72:     default: Key inserted! Disconnecting and reconnecting using new SSH key...
I, [2016-11-09T15:30:13.564422 #3596]  INFO -- default-centos-72: ==> default: Machine booted and ready!
I, [2016-11-09T15:30:13.567422 #3596]  INFO -- default-centos-72: ==> default: Checking for guest additions in VM...
I, [2016-11-09T15:30:13.661941 #3596]  INFO -- default-centos-72: ==> default: Setting hostname...
I, [2016-11-09T15:30:18.883485 #3596]  INFO -- default-centos-72: ==> default: Configuring and enabling network interfaces...
I, [2016-11-09T15:30:23.740457 #3596]  INFO -- default-centos-72: ==> default: Machine not provisioned because `--no-provision` is specified.
I, [2016-11-09T15:30:28.654439 #3596]  INFO -- default-centos-72: [SSH] Established
I, [2016-11-09T15:30:28.654939 #3596]  INFO -- default-centos-72: Vagrant instance <default-centos-72> created.
I, [2016-11-09T15:30:28.659940 #3596]  INFO -- default-centos-72: Finished creating <default-centos-72> (1m48.72s).
I, [2016-11-09T15:30:28.659940 #3596]  INFO -- default-centos-72: -----> Converging <default-centos-72>...
I, [2016-11-09T15:30:28.664941 #3596]  INFO -- default-centos-72: Preparing files for transfer
I, [2016-11-09T15:30:28.665441 #3596]  INFO -- default-centos-72: Preparing dna.json
I, [2016-11-09T15:30:28.668942 #3596]  INFO -- default-centos-72: Preparing current project directory as a cookbook
I, [2016-11-09T15:30:28.704449 #3596]  INFO -- default-centos-72: Removing non-cookbook files before transfer
I, [2016-11-09T15:30:28.779964 #3596]  INFO -- default-centos-72: Preparing solo.rb
I, [2016-11-09T15:30:28.964001 #3596]  INFO -- default-centos-72: -----> Installing Chef Omnibus (install only if missing)
I, [2016-11-09T15:30:29.004509 #3596]  INFO -- default-centos-72: Downloading https://omnitruck.chef.io/install.sh to file /tmp/install.sh
I, [2016-11-09T15:30:29.015011 #3596]  INFO -- default-centos-72: Trying wget...
I, [2016-11-09T15:30:31.980604 #3596]  INFO -- default-centos-72: Download complete.
I, [2016-11-09T15:30:32.171142 #3596]  INFO -- default-centos-72: el 7 x86_64
I, [2016-11-09T15:30:32.171142 #3596]  INFO -- default-centos-72: Getting information for chef stable  for el...
I, [2016-11-09T15:30:32.171142 #3596]  INFO -- default-centos-72: downloading https://omnitruck.chef.io/stable/chef/metadata?v=&p=el&pv=7&m=x86_64
I, [2016-11-09T15:30:32.171642 #3596]  INFO -- default-centos-72:   to file /tmp/install.sh.10228/metadata.txt
I, [2016-11-09T15:30:32.181644 #3596]  INFO -- default-centos-72: trying wget...
I, [2016-11-09T15:30:32.861780 #3596]  INFO -- default-centos-72: sha1	cd53d4f6431e912d0ddafce3cabd113fec3dda05
I, [2016-11-09T15:30:32.861780 #3596]  INFO -- default-centos-72: sha256	66a514699bddd3f507a3b80b687cd71079a09e2aa01fa8111bee7f06a95c44c7
I, [2016-11-09T15:30:32.862281 #3596]  INFO -- default-centos-72: url	https://packages.chef.io/files/stable/chef/12.15.19/el/7/chef-12.15.19-1.el7.x86_64.rpm
I, [2016-11-09T15:30:32.862281 #3596]  INFO -- default-centos-72: version	12.15.19
I, [2016-11-09T15:30:32.892787 #3596]  INFO -- default-centos-72: downloaded metadata file looks valid...
I, [2016-11-09T15:30:33.038816 #3596]  INFO -- default-centos-72: downloading https://packages.chef.io/files/stable/chef/12.15.19/el/7/chef-12.15.19-1.el7.x86_64.rpm
I, [2016-11-09T15:30:33.038816 #3596]  INFO -- default-centos-72:   to file /tmp/install.sh.10228/chef-12.15.19-1.el7.x86_64.rpm
I, [2016-11-09T15:30:33.049318 #3596]  INFO -- default-centos-72: trying wget...
